2017-01-18 11:58:10,015 - Initializing Velocity, Calling init()...
2017-01-18 11:58:10,016 - Starting Apache Velocity v1.7 (compiled: 2010-11-19 12:14:37)
2017-01-18 11:58:10,016 - Default Properties File: org\apache\velocity\runtime\defaults\velocity.properties
2017-01-18 11:58:10,016 - Trying to use logger class org.apache.velocity.runtime.log.AvalonLogChute
2017-01-18 11:58:10,016 - Target log system for org.apache.velocity.runtime.log.AvalonLogChute is not available (java.lang.NoClassDefFoundError: org/apache/log/format/Formatter).  Falling back to next log system...
2017-01-18 11:58:10,016 - Trying to use logger class org.apache.velocity.runtime.log.Log4JLogChute
2017-01-18 11:58:10,016 - Using logger class org.apache.velocity.runtime.log.Log4JLogChute
2017-01-18 11:58:10,020 - ResourceLoader instantiated: org.apache.velocity.runtime.resource.loader.ClasspathResourceLoader
2017-01-18 11:58:10,030 - ResourceCache: initialized (class org.apache.velocity.runtime.resource.ResourceCacheImpl) with class java.util.Collections$SynchronizedMap cache map.
2017-01-18 11:58:10,031 - Loaded System Directive: org.apache.velocity.runtime.directive.Stop
2017-01-18 11:58:10,032 - Loaded System Directive: org.apache.velocity.runtime.directive.Define
2017-01-18 11:58:10,032 - Loaded System Directive: org.apache.velocity.runtime.directive.Break
2017-01-18 11:58:10,033 - Loaded System Directive: org.apache.velocity.runtime.directive.Evaluate
2017-01-18 11:58:10,033 - Loaded System Directive: org.apache.velocity.runtime.directive.Literal
2017-01-18 11:58:10,035 - Loaded System Directive: org.apache.velocity.runtime.directive.Macro
2017-01-18 11:58:10,036 - Loaded System Directive: org.apache.velocity.runtime.directive.Parse
2017-01-18 11:58:10,037 - Loaded System Directive: org.apache.velocity.runtime.directive.Include
2017-01-18 11:58:10,037 - Loaded System Directive: org.apache.velocity.runtime.directive.Foreach
2017-01-18 11:58:10,058 - Created '20' parsers.
2017-01-18 11:58:10,062 - Velocimacro : "velocimacro.library" is not set.  Trying default library: VM_global_library.vm
2017-01-18 11:58:10,063 - Could not load resource 'VM_global_library.vm' from ResourceLoader org.apache.velocity.runtime.resource.loader.ClasspathResourceLoader: ClasspathResourceLoader Error: cannot find resource VM_global_library.vm
2017-01-18 11:58:10,063 - Velocimacro : Default library not found.
2017-01-18 11:58:10,063 - Velocimacro : allowInline = true : VMs can be defined inline in templates
2017-01-18 11:58:10,063 - Velocimacro : allowInlineToOverride = false : VMs defined inline may NOT replace previous VM definitions
2017-01-18 11:58:10,063 - Velocimacro : allowInlineLocal = false : VMs defined inline will be global in scope if allowed.
2017-01-18 11:58:10,063 - Velocimacro : autoload off : VM system will not automatically reload global library macros
2017-01-18 11:58:10,083 - ResourceManager : found Webshop/Index.vm with loader org.apache.velocity.runtime.resource.loader.ClasspathResourceLoader
2017-01-18 11:58:11,389 - Log4JLogChute initialized using file 'velocity.log'
2017-01-18 11:58:11,390 - Initializing Velocity, Calling init()...
2017-01-18 11:58:11,390 - Starting Apache Velocity v1.7 (compiled: 2010-11-19 12:14:37)
2017-01-18 11:58:11,390 - Default Properties File: org\apache\velocity\runtime\defaults\velocity.properties
2017-01-18 11:58:11,390 - Trying to use logger class org.apache.velocity.runtime.log.AvalonLogChute
2017-01-18 11:58:11,390 - Target log system for org.apache.velocity.runtime.log.AvalonLogChute is not available (java.lang.NoClassDefFoundError: org/apache/log/format/Formatter).  Falling back to next log system...
2017-01-18 11:58:11,390 - Trying to use logger class org.apache.velocity.runtime.log.Log4JLogChute
2017-01-18 11:58:11,390 - Using logger class org.apache.velocity.runtime.log.Log4JLogChute
2017-01-18 11:58:11,390 - ResourceLoader instantiated: org.apache.velocity.runtime.resource.loader.ClasspathResourceLoader
2017-01-18 11:58:11,390 - ResourceCache: initialized (class org.apache.velocity.runtime.resource.ResourceCacheImpl) with class java.util.Collections$SynchronizedMap cache map.
2017-01-18 11:58:11,391 - Loaded System Directive: org.apache.velocity.runtime.directive.Stop
2017-01-18 11:58:11,391 - Loaded System Directive: org.apache.velocity.runtime.directive.Define
2017-01-18 11:58:11,391 - Loaded System Directive: org.apache.velocity.runtime.directive.Break
2017-01-18 11:58:11,391 - Loaded System Directive: org.apache.velocity.runtime.directive.Evaluate
2017-01-18 11:58:11,391 - Loaded System Directive: org.apache.velocity.runtime.directive.Literal
2017-01-18 11:58:11,391 - Loaded System Directive: org.apache.velocity.runtime.directive.Macro
2017-01-18 11:58:11,391 - Loaded System Directive: org.apache.velocity.runtime.directive.Parse
2017-01-18 11:58:11,391 - Loaded System Directive: org.apache.velocity.runtime.directive.Include
2017-01-18 11:58:11,391 - Loaded System Directive: org.apache.velocity.runtime.directive.Foreach
2017-01-18 11:58:11,392 - Created '20' parsers.
2017-01-18 11:58:11,392 - Velocimacro : "velocimacro.library" is not set.  Trying default library: VM_global_library.vm
2017-01-18 11:58:11,392 - Could not load resource 'VM_global_library.vm' from ResourceLoader org.apache.velocity.runtime.resource.loader.ClasspathResourceLoader: ClasspathResourceLoader Error: cannot find resource VM_global_library.vm
2017-01-18 11:58:11,392 - Velocimacro : Default library not found.
2017-01-18 11:58:11,392 - Velocimacro : allowInline = true : VMs can be defined inline in templates
2017-01-18 11:58:11,393 - Velocimacro : allowInlineToOverride = false : VMs defined inline may NOT replace previous VM definitions
2017-01-18 11:58:11,393 - Velocimacro : allowInlineLocal = false : VMs defined inline will be global in scope if allowed.
2017-01-18 11:58:11,393 - Velocimacro : autoload off : VM system will not automatically reload global library macros
2017-01-18 11:58:11,399 - ResourceManager : found Webshop/shop.vm with loader org.apache.velocity.runtime.resource.loader.ClasspathResourceLoader
2017-01-18 11:58:11,399 - Null reference [template 'Webshop/shop.vm', line 188, column 9] : ${userlevel} cannot be resolved.
2017-01-18 11:58:11,399 - Null reference [template 'Webshop/shop.vm', line 193, column 9] : ${userlevel} cannot be resolved.
2017-01-18 11:58:11,399 - Null reference [template 'Webshop/shop.vm', line 198, column 9] : ${userlevel} cannot be resolved.
2017-01-18 11:58:11,399 - Null reference [template 'Webshop/shop.vm', line 206, column 9] : ${userlevel} cannot be resolved.
2017-01-18 11:58:11,399 - Null reference [template 'Webshop/shop.vm', line 206, column 38] : ${userlevel} cannot be resolved.
11,399 - Null reference [template 'Webshop/shop.vm', line 206, column 9] : ${userlevel} cannot be resolved.
2017-01-18 11:58:11,399 - Null reference [template 'Webshop/shop.vm', line 206, column 38] : ${userlevel} cannot be resolved.
2017-01-18 11:58:36,519 - Log4JLogChute initialized using file 'velocity.log'
2017-01-18 11:58:36,520 - Initializing Velocity, Calling init()...
2017-01-18 11:58:36,520 - Starting Apache Velocity v1.7 (compiled: 2010-11-19 12:14:37)
2017-01-18 11:58:36,520 - Default Properties File: org\apache\velocity\runtime\defaults\velocity.properties
2017-01-18 11:58:36,520 - Trying to use logger class org.apache.velocity.runtime.log.AvalonLogChute
2017-01-18 11:58:36,520 - Target log system for org.apache.velocity.runtime.log.AvalonLogChute is not available (java.lang.NoClassDefFoundError: org/apache/log/format/Formatter).  Falling back to next log system...
2017-01-18 11:58:36,520 - Trying to use logger class org.apache.velocity.runtime.log.Log4JLogChute
2017-01-18 11:58:36,520 - Using logger class org.apache.velocity.runtime.log.Log4JLogChute
2017-01-18 11:58:36,525 - ResourceLoader instantiated: org.apache.velocity.runtime.resource.loader.ClasspathResourceLoader
2017-01-18 11:58:36,541 - ResourceCache: initialized (class org.apache.velocity.runtime.resource.ResourceCacheImpl) with class java.util.Collections$SynchronizedMap cache map.
2017-01-18 11:58:36,543 - Loaded System Directive: org.apache.velocity.runtime.directive.Stop
2017-01-18 11:58:36,544 - Loaded System Directive: org.apache.velocity.runtime.directive.Define
2017-01-18 11:58:36,545 - Loaded System Directive: org.apache.velocity.runtime.directive.Break
2017-01-18 11:58:36,546 - Loaded System Directive: org.apache.velocity.runtime.directive.Evaluate
2017-01-18 11:58:36,547 - Loaded System Directive: org.apache.velocity.runtime.directive.Literal
2017-01-18 11:58:36,549 - Loaded System Directive: org.apache.velocity.runtime.directive.Macro
2017-01-18 11:58:36,550 - Loaded System Directive: org.apache.velocity.runtime.directive.Parse
2017-01-18 11:58:36,551 - Loaded System Directive: org.apache.velocity.runtime.directive.Include
2017-01-18 11:58:36,553 - Loaded System Directive: org.apache.velocity.runtime.directive.Foreach
2017-01-18 11:58:36,588 - Created '20' parsers.
2017-01-18 11:58:36,594 - Velocimacro : "velocimacro.library" is not set.  Trying default library: VM_global_library.vm
2017-01-18 11:58:36,595 - Could not load resource 'VM_global_library.vm' from ResourceLoader org.apache.velocity.runtime.resource.loader.ClasspathResourceLoader: ClasspathResourceLoader Error: cannot find resource VM_global_library.vm
2017-01-18 11:58:36,595 - Velocimacro : Default library not found.
2017-01-18 11:58:36,595 - Velocimacro : allowInline = true : VMs can be defined inline in templates
2017-01-18 11:58:36,595 - Velocimacro : allowInlineToOverride = false : VMs defined inline may NOT replace previous VM definitions
2017-01-18 11:58:36,595 - Velocimacro : allowInlineLocal = false : VMs defined inline will be global in scope if allowed.
2017-01-18 11:58:36,595 - Velocimacro : autoload off : VM system will not automatically reload global library macros
2017-01-18 11:58:36,620 - ResourceManager : found Webshop/Index.vm with loader org.apache.velocity.runtime.resource.loader.ClasspathResourceLoader
2017-01-18 11:58:37,739 - Log4JLogChute initialized using file 'velocity.log'
2017-01-18 11:58:37,739 - Log4JLogChute initialized using file 'velocity.log'
2017-01-18 11:58:37,739 - Initializing Velocity, Calling init()...
2017-01-18 11:58:37,739 - Initializing Velocity, Calling init()...
2017-01-18 11:58:37,739 - Starting Apache Velocity v1.7 (compiled: 2010-11-19 12:14:37)
2017-01-18 11:58:37,739 - Starting Apache Velocity v1.7 (compiled: 2010-11-19 12:14:37)
2017-01-18 11:58:37,739 - Default Properties File: org\apache\velocity\runtime\defaults\velocity.properties
2017-01-18 11:58:37,739 - Default Properties File: org\apache\velocity\runtime\defaults\velocity.properties
2017-01-18 11:58:37,739 - Trying to use logger class org.apache.velocity.runtime.log.AvalonLogChute
2017-01-18 11:58:37,739 - Trying to use logger class org.apache.velocity.runtime.log.AvalonLogChute
2017-01-18 11:58:37,739 - Target log system for org.apache.velocity.runtime.log.AvalonLogChute is not available (java.lang.NoClassDefFoundError: org/apache/log/format/Formatter).  Falling back to next log system...
2017-01-18 11:58:37,739 - Target log system for org.apache.velocity.runtime.log.AvalonLogChute is not available (java.lang.NoClassDefFoundError: org/apache/log/format/Formatter).  Falling back to next log system...
2017-01-18 11:58:37,739 - Trying to use logger class org.apache.velocity.runtime.log.Log4JLogChute
2017-01-18 11:58:37,739 - Trying to use logger class org.apache.velocity.runtime.log.Log4JLogChute
2017-01-18 11:58:37,739 - Using logger class org.apache.velocity.runtime.log.Log4JLogChute
2017-01-18 11:58:37,739 - Using logger class org.apache.velocity.runtime.log.Log4JLogChute
2017-01-18 11:58:37,740 - ResourceLoader instantiated: org.apache.velocity.runtime.resource.loader.ClasspathResourceLoader
2017-01-18 11:58:37,740 - ResourceLoader instantiated: org.apache.velocity.runtime.resource.loader.ClasspathResourceLoader
2017-01-18 11:58:37,740 - ResourceCache: initialized (class org.apache.velocity.runtime.resource.ResourceCacheImpl) with class java.util.Collections$SynchronizedMap cache map.
2017-01-18 11:58:37,740 - ResourceCache: initialized (class org.apache.velocity.runtime.resource.ResourceCacheImpl) with class java.util.Collections$SynchronizedMap cache map.
2017-01-18 11:58:37,740 - Loaded System Directive: org.apache.velocity.runtime.directive.Stop
2017-01-18 11:58:37,740 - Loaded System Directive: org.apache.velocity.runtime.directive.Stop
2017-01-18 11:58:37,740 - Loaded System Directive: org.apache.velocity.runtime.directive.Define
2017-01-18 11:58:37,740 - Loaded System Directive: org.apache.velocity.runtime.directive.Define
2017-01-18 11:58:37,740 - Loaded System Directive: org.apache.velocity.runtime.directive.Break
2017-01-18 11:58:37,740 - Loaded System Directive: org.apache.velocity.runtime.directive.Break
2017-01-18 11:58:37,741 - Loaded System Directive: org.apache.velocity.runtime.directive.Evaluate
2017-01-18 11:58:37,741 - Loaded System Directive: org.apache.velocity.runtime.directive.Evaluate
2017-01-18 11:58:37,741 - Loaded System Directive: org.apache.velocity.runtime.directive.Literal
2017-01-18 11:58:37,741 - Loaded System Directive: org.apache.velocity.runtime.directive.Literal
2017-01-18 11:58:37,741 - Loaded System Directive: org.apache.velocity.runtime.directive.Macro
2017-01-18 11:58:37,741 - Loaded System Directive: org.apache.velocity.runtime.directive.Macro
2017-01-18 11:58:37,741 - Loaded System Directive: org.apache.velocity.runtime.directive.Parse
2017-01-18 11:58:37,741 - Loaded System Directive: org.apache.velocity.runtime.directive.Parse
2017-01-18 11:58:37,741 - Loaded System Directive: org.apache.velocity.runtime.directive.Include
2017-01-18 11:58:37,741 - Loaded System Directive: org.apache.velocity.runtime.directive.Include
2017-01-18 11:58:37,741 - Loaded System Directive: org.apache.velocity.runtime.directive.Foreach
2017-01-18 11:58:37,741 - Loaded System Directive: org.apache.velocity.runtime.directive.Foreach
2017-01-18 11:58:37,742 - Created '20' parsers.
2017-01-18 11:58:37,742 - Created '20' parsers.
2017-01-18 11:58:37,742 - Velocimacro : "velocimacro.library" is not set.  Trying default library: VM_global_library.vm
2017-01-18 11:58:37,742 - Velocimacro : "velocimacro.library" is not set.  Trying default library: VM_global_library.vm
2017-01-18 11:58:37,742 - Could not load resource 'VM_global_library.vm' from ResourceLoader org.apache.velocity.runtime.resource.loader.ClasspathResourceLoader: ClasspathResourceLoader Error: cannot find resource VM_global_library.vm
2017-01-18 11:58:37,742 - Could not load resource 'VM_global_library.vm' from ResourceLoader org.apache.velocity.runtime.resource.loader.ClasspathResourceLoader: ClasspathResourceLoader Error: cannot find resource VM_global_library.vm
2017-01-18 11:58:37,742 - Velocimacro : Default library not found.
2017-01-18 11:58:37,742 - Velocimacro : Default library not found.
2017-01-18 11:58:37,742 - Velocimacro : allowInline = true : VMs can be defined inline in templates
2017-01-18 11:58:37,742 - Velocimacro : allowInline = true : VMs can be defined inline in templates
2017-01-18 11:58:37,742 - Velocimacro : allowInlineToOverride = false : VMs defined inline may NOT replace previous VM definitions
2017-01-18 11:58:37,742 - Velocimacro : allowInlineToOverride = false : VMs defined inline may NOT replace previous VM definitions
2017-01-18 11:58:37,742 - Velocimacro : allowInlineLocal = false : VMs defined inline will be global in scope if allowed.
2017-01-18 11:58:37,742 - Velocimacro : allowInlineLocal = false : VMs defined inline will be global in scope if allowed.
2017-01-18 11:58:37,742 - Velocimacro : autoload off : VM system will not automatically reload global library macros
2017-01-18 11:58:37,742 - Velocimacro : autoload off : VM system will not automatically reload global library macros
2017-01-18 11:58:37,761 - ResourceManager : found Webshop/register.vm with loader org.apache.velocity.runtime.resource.loader.ClasspathResourceLoader
2017-01-18 11:58:37,761 - ResourceManager : found Webshop/register.vm with loader org.apache.velocity.runtime.resource.loader.ClasspathResourceLoader
2017-01-18 11:58:38,736 - Log4JLogChute initialized using file 'velocity.log'
2017-01-18 11:58:38,736 - Log4JLogChute initialized using file 'velocity.log'
2017-01-18 11:58:38,736 - Log4JLogChute initialized using file 'velocity.log'
2017-01-18 11:58:38,736 - Initializing Velocity, Calling init()...
2017-01-18 11:58:38,736 - Initializing Velocity, Calling init()...
2017-01-18 11:58:38,736 - Initializing Velocity, Calling init()...
2017-01-18 11:58:38,736 - Starting Apache Velocity v1.7 (compiled: 2010-11-19 12:14:37)
2017-01-18 11:58:38,736 - Starting Apache Velocity v1.7 (compiled: 2010-11-19 12:14:37)
2017-01-18 11:58:38,736 - Starting Apache Velocity v1.7 (compiled: 2010-11-19 12:14:37)
2017-01-18 11:58:38,736 - Default Properties File: org\apache\velocity\runtime\defaults\velocity.properties
2017-01-18 11:58:38,736 - Default Properties File: org\apache\velocity\runtime\defaults\velocity.properties
2017-01-18 11:58:38,736 - Default Properties File: org\apache\velocity\runtime\defaults\velocity.properties
2017-01-18 11:58:38,736 - Trying to use logger class org.apache.velocity.runtime.log.AvalonLogChute
2017-01-18 11:58:38,736 - Trying to use logger class org.apache.velocity.runtime.log.AvalonLogChute
2017-01-18 11:58:38,736 - Trying to use logger class org.apache.velocity.runtime.log.AvalonLogChute
2017-01-18 11:58:38,737 - Target log system for org.apache.velocity.runtime.log.AvalonLogChute is not available (java.lang.NoClassDefFoundError: org/apache/log/format/Formatter).  Falling back to next log system...
2017-01-18 11:58:38,737 - Target log system for org.apache.velocity.runtime.log.AvalonLogChute is not available (java.lang.NoClassDefFoundError: org/apache/log/format/Formatter).  Falling back to next log system...
2017-01-18 11:58:38,737 - Target log system for org.apache.velocity.runtime.log.AvalonLogChute is not available (java.lang.NoClassDefFoundError: org/apache/log/format/Formatter).  Falling back to next log system...
2017-01-18 11:58:38,737 - Trying to use logger class org.apache.velocity.runtime.log.Log4JLogChute
2017-01-18 11:58:38,737 - Trying to use logger class org.apache.velocity.runtime.log.Log4JLogChute
2017-01-18 11:58:38,737 - Trying to use logger class org.apache.velocity.runtime.log.Log4JLogChute
2017-01-18 11:58:38,737 - Using logger class org.apache.velocity.runtime.log.Log4JLogChute
2017-01-18 11:58:38,737 - Using logger class org.apache.velocity.runtime.log.Log4JLogChute
2017-01-18 11:58:38,737 - Using logger class org.apache.velocity.runtime.log.Log4JLogChute
2017-01-18 11:58:38,737 - ResourceLoader instantiated: org.apache.velocity.runtime.resource.loader.ClasspathResourceLoader
2017-01-18 11:58:38,737 - ResourceLoader instantiated: org.apache.velocity.runtime.resource.loader.ClasspathResourceLoader
2017-01-18 11:58:38,737 - ResourceLoader instantiated: org.apache.velocity.runtime.resource.loader.ClasspathResourceLoader
2017-01-18 11:58:38,737 - ResourceCache: initialized (class org.apache.velocity.runtime.resource.ResourceCacheImpl) with class java.util.Collections$SynchronizedMap cache map.
2017-01-18 11:58:38,737 - ResourceCache: initialized (class org.apache.velocity.runtime.resource.ResourceCacheImpl) with class java.util.Collections$SynchronizedMap cache map.
2017-01-18 11:58:38,737 - ResourceCache: initialized (class org.apache.velocity.runtime.resource.ResourceCacheImpl) with class java.util.Collections$SynchronizedMap cache map.
2017-01-18 11:58:38,737 - Loaded System Directive: org.apache.velocity.runtime.directive.Stop
2017-01-18 11:58:38,737 - Loaded System Directive: org.apache.velocity.runtime.directive.Stop
2017-01-18 11:58:38,737 - Loaded System Directive: org.apache.velocity.runtime.directive.Stop
2017-01-18 11:58:38,737 - Loaded System Directive: org.apache.velocity.runtime.directive.Define
2017-01-18 11:58:38,737 - Loaded System Directive: org.apache.velocity.runtime.directive.Define
2017-01-18 11:58:38,737 - Loaded System Directive: org.apache.velocity.runtime.directive.Define
2017-01-18 11:58:38,738 - Loaded System Directive: org.apache.velocity.runtime.directive.Break
2017-01-18 11:58:38,738 - Loaded System Directive: org.apache.velocity.runtime.directive.Break
2017-01-18 11:58:38,738 - Loaded System Directive: org.apache.velocity.runtime.directive.Break
2017-01-18 11:58:38,738 - Loaded System Directive: org.apache.velocity.runtime.directive.Evaluate
2017-01-18 11:58:38,738 - Loaded System Directive: org.apache.velocity.runtime.directive.Evaluate
2017-01-18 11:58:38,738 - Loaded System Directive: org.apache.velocity.runtime.directive.Evaluate
2017-01-18 11:58:38,738 - Loaded System Directive: org.apache.velocity.runtime.directive.Literal
2017-01-18 11:58:38,738 - Loaded System Directive: org.apache.velocity.runtime.directive.Literal
2017-01-18 11:58:38,738 - Loaded System Directive: org.apache.velocity.runtime.directive.Literal
2017-01-18 11:58:38,738 - Loaded System Directive: org.apache.velocity.runtime.directive.Macro
2017-01-18 11:58:38,738 - Loaded System Directive: org.apache.velocity.runtime.directive.Macro
2017-01-18 11:58:38,738 - Loaded System Directive: org.apache.velocity.runtime.directive.Macro
2017-01-18 11:58:38,738 - Loaded System Directive: org.apache.velocity.runtime.directive.Parse
2017-01-18 11:58:38,738 - Loaded System Directive: org.apache.velocity.runtime.directive.Parse
2017-01-18 11:58:38,738 - Loaded System Directive: org.apache.velocity.runtime.directive.Parse
2017-01-18 11:58:38,738 - Loaded System Directive: org.apache.velocity.runtime.directive.Include
2017-01-18 11:58:38,738 - Loaded System Directive: org.apache.velocity.runtime.directive.Include
2017-01-18 11:58:38,738 - Loaded System Directive: org.apache.velocity.runtime.directive.Include
2017-01-18 11:58:38,738 - Loaded System Directive: org.apache.velocity.runtime.directive.Foreach
2017-01-18 11:58:38,738 - Loaded System Directive: org.apache.velocity.runtime.directive.Foreach
2017-01-18 11:58:38,738 - Loaded System Directive: org.apache.velocity.runtime.directive.Foreach
2017-01-18 11:58:38,739 - Created '20' parsers.
2017-01-18 11:58:38,739 - Created '20' parsers.
2017-01-18 11:58:38,739 - Created '20' parsers.
2017-01-18 11:58:38,739 - Velocimacro : "velocimacro.library" is not set.  Trying default library: VM_global_library.vm
2017-01-18 11:58:38,739 - Velocimacro : "velocimacro.library" is not set.  Trying default library: VM_global_library.vm
2017-01-18 11:58:38,739 - Velocimacro : "velocimacro.library" is not set.  Trying default library: VM_global_library.vm
2017-01-18 11:58:38,739 - Could not load resource 'VM_global_library.vm' from ResourceLoader org.apache.velocity.runtime.resource.loader.ClasspathResourceLoader: ClasspathResourceLoader Error: cannot find resource VM_global_library.vm
2017-01-18 11:58:38,739 - Could not load resource 'VM_global_library.vm' from ResourceLoader org.apache.velocity.runtime.resource.loader.ClasspathResourceLoader: ClasspathResourceLoader Error: cannot find resource VM_global_library.vm
2017-01-18 11:58:38,739 - Could not load resource 'VM_global_library.vm' from ResourceLoader org.apache.velocity.runtime.resource.loader.ClasspathResourceLoader: ClasspathResourceLoader Error: cannot find resource VM_global_library.vm
2017-01-18 11:58:38,739 - Velocimacro : Default library not found.
2017-01-18 11:58:38,739 - Velocimacro : Default library not found.
2017-01-18 11:58:38,739 - Velocimacro : Default library not found.
2017-01-18 11:58:38,739 - Velocimacro : allowInline = true : VMs can be defined inline in templates
2017-01-18 11:58:38,739 - Velocimacro : allowInline = true : VMs can be defined inline in templates
2017-01-18 11:58:38,739 - Velocimacro : allowInline = true : VMs can be defined inline in templates
2017-01-18 11:58:38,739 - Velocimacro : allowInlineToOverride = false : VMs defined inline may NOT replace previous VM definitions
2017-01-18 11:58:38,739 - Velocimacro : allowInlineToOverride = false : VMs defined inline may NOT replace previous VM definitions
2017-01-18 11:58:38,739 - Velocimacro : allowInlineToOverride = false : VMs defined inline may NOT replace previous VM definitions
2017-01-18 11:58:38,739 - Velocimacro : allowInlineLocal = false : VMs defined inline will be global in scope if allowed.
2017-01-18 11:58:38,739 - Velocimacro : allowInlineLocal = false : VMs defined inline will be global in scope if allowed.
2017-01-18 11:58:38,739 - Velocimacro : allowInlineLocal = false : VMs defined inline will be global in scope if allowed.
2017-01-18 11:58:38,739 - Velocimacro : autoload off : VM system will not automatically reload global library macros
2017-01-18 11:58:38,739 - Velocimacro : autoload off : VM system will not automatically reload global library macros
2017-01-18 11:58:38,739 - Velocimacro : autoload off : VM system will not automatically reload global library macros
2017-01-18 11:58:38,746 - ResourceManager : found Webshop/shop.vm with loader org.apache.velocity.runtime.resource.loader.ClasspathResourceLoader
2017-01-18 11:58:38,746 - ResourceManager : found Webshop/shop.vm with loader org.apache.velocity.runtime.resource.loader.ClasspathResourceLoader
2017-01-18 11:58:38,746 - ResourceManager : found Webshop/shop.vm with loader org.apache.velocity.runtime.resource.loader.ClasspathResourceLoader
2017-01-18 11:58:38,747 - Null reference [template 'Webshop/shop.vm', line 188, column 9] : ${userlevel} cannot be resolved.
2017-01-18 11:58:38,747 - Null reference [template 'Webshop/shop.vm', line 188, column 9] : ${userlevel} cannot be resolved.
2017-01-18 11:58:38,747 - Null reference [template 'Webshop/shop.vm', line 188, column 9] : ${userlevel} cannot be resolved.
2017-01-18 11:58:38,747 - Null reference [template 'Webshop/shop.vm', line 193, column 9] : ${userlevel} cannot be resolved.
2017-01-18 11:58:38,747 - Null reference [template 'Webshop/shop.vm', line 193, column 9] : ${userlevel} cannot be resolved.
2017-01-18 11:58:38,747 - Null reference [template 'Webshop/shop.vm', line 193, column 9] : ${userlevel} cannot be resolved.
2017-01-18 11:58:38,747 - Null reference [template 'Webshop/shop.vm', line 198, column 9] : ${userlevel} cannot be resolved.
2017-01-18 11:58:38,747 - Null reference [template 'Webshop/shop.vm', line 198, column 9] : ${userlevel} cannot be resolved.
2017-01-18 11:58:38,747 - Null reference [template 'Webshop/shop.vm', line 198, column 9] : ${userlevel} cannot be resolved.
2017-01-18 11:58:38,747 - Null reference [template 'Webshop/shop.vm', line 206, column 9] : ${userlevel} cannot be resolved.
2017-01-18 11:58:38,747 - Null reference [template 'Webshop/shop.vm', line 206, column 9] : ${userlevel} cannot be resolved.
2017-01-18 11:58:38,747 - Null reference [template 'Webshop/shop.vm', line 206, column 9] : ${userlevel} cannot be resolved.
2017-01-18 11:58:38,747 - Null reference [template 'Webshop/shop.vm', line 206, column 38] : ${userlevel} cannot be resolved.
2017-01-18 11:58:38,747 - Null reference [template 'Webshop/shop.vm', line 206, column 38] : ${userlevel} cannot be resolved.
2017-01-18 11:58:38,747 - Null reference [template 'Webshop/shop.vm', line 206, column 38] : ${userlevel} cannot be resolved.
